gyp info it worked if it ends with ok
gyp info using node-gyp@9.0.0
gyp info using node@14.21.3 | win32 | x64
gyp info find Python using Python version 3.11.1 found at "C:\Users\manoj\AppData\Local\Programs\Python\Python311\python.exe"
gyp ERR! find VS 
gyp ERR! find VS msvs_version not set from command line or npm config
gyp ERR! find VS VCINSTALLDIR not set, not running in VS Command Prompt
gyp ERR! find VS checking VS2022 (17.8.34330.188) found at:
gyp ERR! find VS "D:\VisualStudios\MVS\2022"
gyp ERR! find VS - found "Visual Studio C++ core features"
gyp ERR! find VS - found VC++ toolset: v143
gyp ERR! find VS - missing any Windows SDK
gyp ERR! find VS checking VS2022 (17.8.34330.188) found at:
gyp ERR! find VS "D:\Program Files\C++"
gyp ERR! find VS - found "Visual Studio C++ core features"
gyp ERR! find VS - found VC++ toolset: v143
gyp ERR! find VS - missing any Windows SDK
gyp ERR! find VS could not find a version of Visual Studio 2017 or newer to use
gyp ERR! find VS looking for Visual Studio 2015
gyp ERR! find VS - not found
gyp ERR! find VS not looking for VS2013 as it is only supported up to Node.js 8
gyp ERR! find VS 
gyp ERR! find VS **************************************************************
gyp ERR! find VS You need to install the latest version of Visual Studio
gyp ERR! find VS including the "Desktop development with C++" workload.
gyp ERR! find VS For more information consult the documentation at:
gyp ERR! find VS https://github.com/nodejs/node-gyp#on-windows
gyp ERR! find VS **************************************************************
gyp ERR! find VS 
gyp ERR! configure error 
gyp ERR! stack Error: Could not find any Visual Studio installation to use
gyp ERR! stack     at VisualStudioFinder.fail (D:\Full Stack Web Developer\OpenSource\Rocket.Chat\node_modules\sharp\node_modules\node-gyp\lib\find-visualstudio.js:122:47)
gyp ERR! stack     at D:\Full Stack Web Developer\OpenSource\Rocket.Chat\node_modules\sharp\node_modules\node-gyp\lib\find-visualstudio.js:75:16
gyp ERR! stack     at VisualStudioFinder.findVisualStudio2013 (D:\Full Stack Web Developer\OpenSource\Rocket.Chat\node_modules\sharp\node_modules\node-gyp\lib\find-visualstudio.js:363:14)
gyp ERR! stack     at D:\Full Stack Web Developer\OpenSource\Rocket.Chat\node_modules\sharp\node_modules\node-gyp\lib\find-visualstudio.js:71:14
gyp ERR! stack     at D:\Full Stack Web Developer\OpenSource\Rocket.Chat\node_modules\sharp\node_modules\node-gyp\lib\find-visualstudio.js:384:16
gyp ERR! stack     at D:\Full Stack Web Developer\OpenSource\Rocket.Chat\node_modules\sharp\node_modules\node-gyp\lib\util.js:54:7
gyp ERR! stack     at D:\Full Stack Web Developer\OpenSource\Rocket.Chat\node_modules\sharp\node_modules\node-gyp\lib\util.js:33:16
gyp ERR! stack     at ChildProcess.exithandler (child_process.js:390:5)
gyp ERR! stack     at ChildProcess.emit (events.js:400:28)
gyp ERR! stack     at maybeClose (internal/child_process.js:1088:16)
gyp ERR! stack     at Process.ChildProcess._handle.onexit (internal/child_process.js:296:5)
gyp ERR! System Windows_NT 10.0.22621
gyp ERR! command "C:\\Program Files\\nodejs\\node.exe" "D:\\Full Stack Web Developer\\OpenSource\\Rocket.Chat\\node_modules\\sharp\\node_modules\\node-gyp\\bin\\node-gyp.js" "rebuild"
gyp ERR! cwd D:\Full Stack Web Developer\OpenSource\Rocket.Chat\node_modules\event-loop-stats
gyp ERR! node -v v14.21.3
gyp ERR! node-gyp -v v9.0.0
gyp ERR! not ok 
